<?xml version="1.0" encoding="UTF-8"?>
<!-- Generated by org.testng.reporters.JUnitReportReporter -->
<testsuite skipped="0" hostname="LAPTOP-3N0HLSP8" name="automationpractice.Practice_Project.DRESSESTest" tests="2" failures="0" timestamp="2020-12-08T17:35:07 IST" time="112.162" errors="0">
  <testcase name="chooseProduct" time="74.254" classname="automationpractice.Practice_Project.DRESSESTest"/>
  <system-out/>
  <testcase name="browsersetup" time="37.908" classname="automationpractice.Practice_Project.DRESSESTest"/>
  <system-out/>
</testsuite> <!-- automationpractice.Practice_Project.DRESSESTest -->
