<?xml version="1.0" encoding="UTF-8"?>
<!-- Generated by org.testng.reporters.JUnitReportReporter -->
<testsuite skipped="0" hostname="LAPTOP-3N0HLSP8" name="automationpractice.Practice_Project.BaseTest" tests="1" failures="0" timestamp="2021-03-19T19:15:07 IST" time="182.899" errors="0">
  <testcase name="browsersetup" time="182.899" classname="automationpractice.Practice_Project.BaseTest"/>
  <system-out/>
</testsuite> <!-- automationpractice.Practice_Project.BaseTest -->
